Arguments: 
  C:\Program Files\nodejs\node.exe C:\Program Files (x86)\Yarn\bin\yarn.js add gatsby-plugin-manifest

PATH: 
  C:\Users\ezeug\bin;C:\Program Files\Git\mingw64\bin;C:\Program Files\Git\usr\local\bin;C:\Program Files\Git\usr\bin;C:\Program Files\Git\usr\bin;C:\Program Files\Git\mingw64\bin;C:\Program Files\Git\usr\bin;C:\Users\ezeug\bin;C:\Program Files (x86)\Intel\Intel(R) Management Engine Components\iCLS;C:\Program Files\Intel\Intel(R) Management Engine Components\iCLS;C:\WINDOWS\system32;C:\WINDOWS;C:\WINDOWS\System32\Wbem;C:\WINDOWS\System32\WindowsPowerShell\v1.0;C:\Program Files (x86)\Intel\Intel(R) Management Engine Components\DAL;C:\Program Files\Intel\Intel(R) Management Engine Components\DAL;C:\Program Files (x86)\Intel\Intel(R) Management Engine Components\IPT;C:\Program Files\Intel\Intel(R) Management Engine Components\IPT;C:\Program Files\Intel\WiFi\bin;C:\Program Files\Common Files\Intel\WirelessCommon;C:\WINDOWS\System32\OpenSSH;C:\Users\ezeug\AppData\Roaming\nvm;C:\Program Files\nodejs;C:\Program Files (x86)\Yarn\bin;C:\Program Files\dotnet;C:\Program Files\Git\cmd;C:\Program Files\Amazon\AWSCLI\bin;C:\Program Files\PostgreSQL\12\pgAdmin 4\bin;C:\Users\ezeug\AppData\Local\Microsoft\WindowsApps;C:\Users\ezeug\AppData\Roaming\nvm;C:\Program Files\nodejs;C:\Users\ezeug\AppData\Local\Programs\Microsoft VS Code\bin;C:\Users\ezeug\AppData\Local\Yarn\bin;C:\Users\ezeug\.dotnet\tools;C:\Program Files\PostgreSQL\12\bin;C:\Program Files\PostgreSQL\12\pgAdmin 4\bin;C:\Program Files\Redis;C:\Program Files\Git\usr\bin\vendor_perl;C:\Program Files\Git\usr\bin\core_perl

Yarn version: 
  1.19.2

Node version: 
  14.15.0

Platform: 
  win32 x64

Trace: 
  Error: EPERM: operation not permitted, unlink 'C:\Users\ezeug\Desktop\projects\portfolio_site\frontend\node_modules\lmdb-store\prebuilds\win32-x64\node.abi83.node'

npm manifest: 
  {
    "name": "frontend",
    "version": "1.0.0",
    "private": true,
    "description": "frontend",
    "author": "Gerrard Ezeugwa",
    "keywords": [
      "gatsby"
    ],
    "scripts": {
      "develop": "gatsby develop",
      "start": "gatsby develop",
      "build": "gatsby build",
      "serve": "gatsby serve",
      "clean": "gatsby clean"
    },
    "dependencies": {
      "gatsby": "^4.1.3",
      "gatsby-plugin-image": "^2.1.2",
      "gatsby-plugin-react-helmet": "^5.1.0",
      "gatsby-plugin-sharp": "^4.1.3",
      "gatsby-plugin-sitemap": "^5.1.1",
      "gatsby-source-filesystem": "^4.1.2",
      "gatsby-transformer-sharp": "^4.1.0",
      "react": "^17.0.1",
      "react-dom": "^17.0.1",
      "react-helmet": "^6.1.0",
      "@reach/router": "^1.3.4",
      "axios": "^0.19.1",
      "bootstrap": "^4.5.0",
      "classnames": "^2.2.6",
      "gatsby-plugin-alias-imports": "^1.0.5",
      "jquery": "^3.5.1",
      "moment": "^2.29.1",
      "prop-types": "^15.7.2",
      "react-hot-toast": "^2.1.1",
      "react-markdown": "^7.0.1",
      "react-redux": "^7.1.3",
      "react-router": "^5.1.2",
      "react-router-dom": "^5.1.2",
      "reactstrap": "^8.5.1",
      "redux": "^4.0.5",
      "redux-devtools-extension": "^2.13.8",
      "redux-logger": "^3.0.6",
      "redux-thunk": "^2.3.0",
      "remark-gfm": "^3.0.0",
      "uuid": "^8.3.0"
    }
  }

yarn manifest: 
  No manifest

Lockfile: 
  No lockfile
